<?xml version="1.0" encoding="UTF-8"?>
<testng-results ignored="0" total="0" passed="0" failed="0" skipped="0">
  <reporter-output>
  </reporter-output>
  <suite started-at="2023-12-06T10:39:16 EST" name="Command line suite" finished-at="2023-12-06T10:39:17 EST" duration-ms="1139">
    <groups>
      <group name="cucumber">
        <method signature="AbstractTestNGCucumberTests.runScenario(io.cucumber.testng.PickleWrapper,io.cucumber.testng.FeatureWrapper)[pri:0, instance:cucumberoptions.TestNGTestrunner@4690b489]" name="runScenario" class="io.cucumber.testng.AbstractTestNGCucumberTests"/>
      </group> <!-- cucumber -->
    </groups>
    <test started-at="2023-12-06T10:39:16 EST" name="Command line test" finished-at="2023-12-06T10:39:17 EST" duration-ms="1139">
      <class name="cucumberoptions.TestNGTestrunner">
        <test-method is-config="true" signature="setUpClass(org.testng.ITestContext)[pri:0, instance:cucumberoptions.TestNGTestrunner@4690b489]" started-at="2023-12-06T10:39:16 EST" name="setUpClass" finished-at="2023-12-06T10:39:17 EST" duration-ms="788" status="PASS">
          <params>
            <param index="0">
              <value>
                <![CDATA[org.testng.TestRunner@12a160c2]]>
              </value>
            </param>
          </params>
          <reporter-output>
          </reporter-output>
        </test-method> <!-- setUpClass -->
        <test-method is-config="true" signature="tearDownClass()[pri:0, instance:cucumberoptions.TestNGTestrunner@4690b489]" started-at="2023-12-06T10:39:17 EST" name="tearDownClass" finished-at="2023-12-06T10:39:17 EST" duration-ms="323" status="PASS">
          <reporter-output>
          </reporter-output>
        </test-method> <!-- tearDownClass -->
      </class> <!-- cucumberoptions.TestNGTestrunner -->
    </test> <!-- Command line test -->
  </suite> <!-- Command line suite -->
</testng-results>
