<?xml version="1.0" encoding="UTF-8"?>
<!-- Generated by org.testng.reporters.JUnitXMLReporter -->
<testsuite ignored="0" hostname="DESKTOP-0NN2DFH" failures="0" tests="8" name="Datastructure_Linkedlist-stack-graph" time="16.031" errors="0" timestamp="2022-07-05T13:30:13 EDT">
  <testcase classname="dstestcases.Getdtartedtest" name="tst01_getstart" time="2.862"/>
  <testcase classname="dstestcases.Signintest" name="tst02_signin" time="3.479"/>
  <testcase classname="dstestcases.datastructuretest" name="tst03_moveToDatastructurepage" time="0.272"/>
  <testcase classname="dstestcases.datastructuretest" name="tst04_Datastrutureaction" time="0.779"/>
  <testcase classname="dstestcases.Linkedlisttest" name="tst06_Linkedlistaction" time="2.545"/>
  <testcase classname="dstestcases.Stacktest" name="tst04_Stackaction" time="1.204"/>
  <testcase classname="dstestcases.Graphtest" name="tst04_Graphaction" time="1.675"/>
  <testcase classname="dstestcases.Tryeditortest" name="tst06_te_input" time="1.269"/>
</testsuite> <!-- Datastructure_Linkedlist-stack-graph -->
