<?xml version="1.0" encoding="UTF-8"?>
<!-- Generated by org.testng.reporters.JUnitXMLReporter -->
<testsuite ignored="0" hostname="DESKTOP-0NN2DFH" failures="0" tests="5" name="Queue_Tree" time="24.388" errors="0" timestamp="2022-07-01T12:09:50 EDT">
  <testcase classname="dstestcases.Getdtartedtest" name="tst01_getstart" time="5.131"/>
  <testcase classname="dstestcases.Signintest" name="tst02_signin" time="7.327"/>
  <testcase classname="dstestcases.Queuetest" name="tst03_moveToQueuepage" time="1.139"/>
  <testcase classname="dstestcases.Queuetest" name="tst04_Arrayaction" time="5.477"/>
  <testcase classname="dstestcases.Tryeditortest" name="tst06_te_input" time="1.246"/>
</testsuite> <!-- Queue_Tree -->
