<?xml version="1.0" encoding="UTF-8"?>
<!-- Generated by org.testng.reporters.JUnitXMLReporter -->
<testsuite ignored="0" hostname="DESKTOP-0NN2DFH" failures="1" tests="6" name="Queue_Test" time="11.109" errors="0" timestamp="2022-07-05T13:29:57 EDT">
  <testcase classname="dstestcases.Getdtartedtest" name="tst01_getstart" time="2.771"/>
  <testcase classname="dstestcases.Signintest" name="tst02_signin" time="3.061"/>
  <testcase classname="dstestcases.Queuetest" name="tst03_moveToQueuepage" time="0.251"/>
  <testcase classname="dstestcases.Queuetest" name="tst04_Arrayaction" time="1.631"/>
  <testcase classname="dstestcases.Queuetest" name="tst_05_validate_title" time="0.012">
    <failure type="java.lang.AssertionError" message="expected [Incorrect Queue] but found [Assessment]">
      <![CDATA[java.lang.AssertionError: expected [Incorrect Queue] but found [Assessment]
at dstestcases.Queuetest.tst_05_validate_title(Queuetest.java:64)
at java.base/java.util.ArrayList.forEach(ArrayList.java:1511)
... Removed 33 stack frames]]>
    </failure>
  </testcase> <!-- tst_05_validate_title -->
  <testcase classname="dstestcases.Tryeditortest" name="tst06_te_input" time="1.252"/>
</testsuite> <!-- Queue_Test -->
