<?xml version="1.0" encoding="UTF-8"?>
<!-- Generated by org.testng.reporters.JUnitXMLReporter -->
<testsuite ignored="0" hostname="DESKTOP-0NN2DFH" failures="0" tests="4" name="signinregression" time="33.674" errors="0" timestamp="2022-07-05T13:30:47 EDT">
  <testcase classname="dstestdata.DataDrivenTest" name="demoClass" time="8.368"/>
  <testcase classname="dstestdata.DataDrivenTest" name="demoClass" time="7.818"/>
  <testcase classname="dstestdata.DataDrivenTest" name="demoClass" time="8.082"/>
  <testcase classname="dstestdata.DataDrivenTest" name="demoClass" time="7.614"/>
</testsuite> <!-- signinregression -->
