<?xml version="1.0" encoding="UTF-8"?>
<!-- Generated by org.testng.reporters.JUnitXMLReporter -->
<testsuite hostname="DESKTOP-0NN2DFH" failures="0" tests="4" name="Test" time="14.522" errors="0" timestamp="27 Jun 2022 03:38:47 GMT">
  <testcase classname="dstestcases.Getdtartedtest" name="getstart" time="3.009"/>
  <testcase classname="dstestcases.Signintest" name="tst02_signin" time="2.949"/>
  <testcase classname="dstestcases.Arraytest" name="tst03_moveToArraypage" time="0.277"/>
  <testcase classname="dstestcases.Arraytest" name="Arrayaction" time="4.31"/>
</testsuite> <!-- Test -->
