<?xml version="1.0" encoding="UTF-8"?>
<!-- Generated by org.testng.reporters.JUnitXMLReporter -->
<testsuite hostname="DESKTOP-0NN2DFH" failures="0" tests="5" name="Test2" time="13.561" errors="0" timestamp="27 Jun 2022 04:55:05 GMT">
  <testcase classname="dstestcases.Getdtartedtest" name="getstart" time="2.688"/>
  <testcase classname="dstestcases.Signintest" name="tst02_signin" time="2.676"/>
  <testcase classname="dstestcases.Treetest" name="tst03_moveToTreepage" time="0.259"/>
  <testcase classname="dstestcases.Treetest" name="Treeaction" time="2.657"/>
  <testcase classname="dstestcases.Tryeditortest" name="tst_te_input" time="2.201"/>
</testsuite> <!-- Test2 -->
