<?xml version="1.0" encoding="UTF-8"?>
<!-- Generated by org.testng.reporters.JUnitXMLReporter -->
<testsuite ignored="0" hostname="DESKTOP-0NN2DFH" failures="0" tests="5" name="Test_Tree" time="11.914" errors="0" timestamp="2022-07-05T13:29:46 EDT">
  <testcase classname="dstestcases.Getdtartedtest" name="tst01_getstart" time="2.859"/>
  <testcase classname="dstestcases.Signintest" name="tst02_signin" time="2.988"/>
  <testcase classname="dstestcases.Treetest" name="tst03_moveToTreepage" time="0.276"/>
  <testcase classname="dstestcases.Treetest" name="tst04_Treeaction" time="2.595"/>
  <testcase classname="dstestcases.Tryeditortest" name="tst06_te_input" time="1.284"/>
</testsuite> <!-- Test_Tree -->
